<?xml version="1.0" encoding="UTF-8"?>
<robot generator="Robot 6.1.1 (Python 3.8.10 on linux)" generated="20240111 13:51:51.783" rpa="false" schemaversion="4">
<suite id="s1" name="Login Correto" source="/home/darm/Documentos/Java projects/Robotframework/project/testes/login/login_correto.robot">
<test id="s1-t1" name="Preencher campos de login e redirecionar para página inicial" line="10">
<kw name="Abrir navegador e acessar o site Biblioteca" library="setup_teardown" type="SETUP">
<kw name="Open Browser" library="SeleniumLibrary">
<arg>url=https://aplicativodebiblioteca.netlify.app/login</arg>
<arg>browser=Chrome</arg>
<doc>Opens a new browser instance to the optional ``url``.</doc>
<msg timestamp="20240111 13:51:51.925" level="INFO">Opening browser 'Chrome' to base url 'https://aplicativodebiblioteca.netlify.app/login'.</msg>
<status status="PASS" starttime="20240111 13:51:51.924" endtime="20240111 13:51:55.619"/>
</kw>
<status status="PASS" starttime="20240111 13:51:51.924" endtime="20240111 13:51:55.619"/>
</kw>
<kw name="Dado que preencha os campos de login com dados corretos" library="login">
<kw name="Input Text" library="SeleniumLibrary">
<arg>${CAMPO_EMAIL}</arg>
<arg>lib@admin.com</arg>
<doc>Types the given ``text`` into the text field identified by ``locator``.</doc>
<msg timestamp="20240111 13:51:55.622" level="INFO">Typing text 'lib@admin.com' into text field 'id:AdminEmail'.</msg>
<status status="PASS" starttime="20240111 13:51:55.621" endtime="20240111 13:51:55.739"/>
</kw>
<kw name="Input Password" library="SeleniumLibrary">
<arg>${CAMPO_PASSWORD}</arg>
<arg>admin</arg>
<doc>Types the given password into the text field identified by ``locator``.</doc>
<msg timestamp="20240111 13:51:55.740" level="INFO">Typing password into text field 'id:AdminPass'.</msg>
<msg timestamp="20240111 13:51:55.774" level="INFO">Temporally setting log level to: NONE</msg>
<msg timestamp="20240111 13:51:55.821" level="INFO">Log level changed from NONE to INFO.</msg>
<status status="PASS" starttime="20240111 13:51:55.739" endtime="20240111 13:51:55.821"/>
</kw>
<status status="PASS" starttime="20240111 13:51:55.620" endtime="20240111 13:51:55.821"/>
</kw>
<kw name="E clicar no botão de entrar para realizar login" library="login">
<kw name="Click Button" library="SeleniumLibrary">
<arg>${BOTAO_ENTRAR}</arg>
<doc>Clicks the button identified by ``locator``.</doc>
<msg timestamp="20240111 13:51:55.822" level="INFO">Clicking button '//button[contains(.,('Entrar'))]'.</msg>
<status status="PASS" starttime="20240111 13:51:55.821" endtime="20240111 13:51:55.901"/>
</kw>
<status status="PASS" starttime="20240111 13:51:55.821" endtime="20240111 13:51:55.901"/>
</kw>
<kw name="E espere por 1.5 segundos" library="login">
<kw name="Sleep" library="BuiltIn">
<arg>1.5s</arg>
<doc>Pauses the test executed for the given time.</doc>
<msg timestamp="20240111 13:51:57.402" level="INFO">Slept 1 second 500 milliseconds</msg>
<status status="PASS" starttime="20240111 13:51:55.901" endtime="20240111 13:51:57.402"/>
</kw>
<status status="PASS" starttime="20240111 13:51:55.901" endtime="20240111 13:51:57.403"/>
</kw>
<kw name="Então verificar o alert de sucesso" library="login">
<kw name="Element Should Be Visible" library="SeleniumLibrary">
<arg>${ALERTA_SUCESSO}</arg>
<doc>Verifies that the element identified by ``locator`` is visible.</doc>
<msg timestamp="20240111 13:51:57.528" level="INFO" html="true">&lt;/td&gt;&lt;/tr&gt;&lt;tr&gt;&lt;td colspan="3"&gt;&lt;a href="selenium-screenshot-1.png"&gt;&lt;img src="selenium-screenshot-1.png" width="800px"&gt;&lt;/a&gt;</msg>
<msg timestamp="20240111 13:51:57.528" level="FAIL">Element with locator '//div[contains(.,('Bem vindo(a) Admin'))]' not found.</msg>
<status status="FAIL" starttime="20240111 13:51:57.406" endtime="20240111 13:51:57.529"/>
</kw>
<status status="FAIL" starttime="20240111 13:51:57.404" endtime="20240111 13:51:57.530"/>
</kw>
<kw name="Fechar navegador" library="setup_teardown" type="TEARDOWN">
<kw name="Close Browser" library="SeleniumLibrary">
<doc>Closes the current browser.</doc>
<status status="PASS" starttime="20240111 13:51:57.530" endtime="20240111 13:51:57.592"/>
</kw>
<status status="PASS" starttime="20240111 13:51:57.530" endtime="20240111 13:51:57.592"/>
</kw>
<status status="FAIL" starttime="20240111 13:51:51.923" endtime="20240111 13:51:57.592">Element with locator '//div[contains(.,('Bem vindo(a) Admin'))]' not found.</status>
</test>
<status status="FAIL" starttime="20240111 13:51:51.784" endtime="20240111 13:51:57.593"/>
</suite>
<statistics>
<total>
<stat pass="0" fail="1" skip="0">All Tests</stat>
</total>
<tag>
</tag>
<suite>
<stat pass="0" fail="1" skip="0" id="s1" name="Login Correto">Login Correto</stat>
</suite>
</statistics>
<errors>
</errors>
</robot>
